<?xml version="1.0" encoding="UTF-8"?>
<testng-results ignored="0" total="30" passed="30" failed="0" skipped="0">
  <reporter-output>
  </reporter-output>
  <suite started-at="2024-02-10T10:09:33 IST" name="All Test Suite" finished-at="2024-02-10T10:09:33 IST" duration-ms="69">
    <groups>
      <group name="smoke">
        <method signature="Apple.myMethod01()[pri:0, instance:com.epam.unitTests.Apple@ba2f4ec]" name="myMethod01" class="com.epam.unitTests.Apple"/>
        <method signature="Apple.myMethod02()[pri:0, instance:com.epam.unitTests.Apple@ba2f4ec]" name="myMethod02" class="com.epam.unitTests.Apple"/>
        <method signature="Apple.myMethod03()[pri:0, instance:com.epam.unitTests.Apple@ba2f4ec]" name="myMethod03" class="com.epam.unitTests.Apple"/>
      </group> <!-- smoke -->
    </groups>
    <test started-at="2024-02-10T10:09:33 IST" name="D:/fun-fab/unit-testing" finished-at="2024-02-10T10:09:33 IST" duration-ms="69">
      <class name="com.epam.jUnitTests.Elephant">
        <test-method is-config="true" signature="setUp02()[pri:0, instance:com.epam.jUnitTests.Elephant@6ed3ccb2]" started-at="2024-02-10T10:09:33 IST" name="setUp02" finished-at="2024-02-10T10:09:33 IST" duration-ms="0" status="PASS">
          <reporter-output>
          </reporter-output>
        </test-method> <!-- setUp02 -->
        <test-method is-config="true" signature="setUp03()[pri:0, instance:com.epam.jUnitTests.Elephant@6ed3ccb2]" started-at="2024-02-10T10:09:33 IST" name="setUp03" finished-at="2024-02-10T10:09:33 IST" duration-ms="1" status="PASS">
          <reporter-output>
          </reporter-output>
        </test-method> <!-- setUp03 -->
        <test-method is-config="true" signature="setUp01()[pri:0, instance:com.epam.jUnitTests.Elephant@6ed3ccb2]" started-at="2024-02-10T10:09:33 IST" name="setUp01" finished-at="2024-02-10T10:09:33 IST" duration-ms="1" status="PASS">
          <reporter-output>
          </reporter-output>
        </test-method> <!-- setUp01 -->
        <test-method signature="myMethod01()[pri:0, instance:com.epam.jUnitTests.Elephant@6ed3ccb2]" started-at="2024-02-10T10:09:33 IST" name="myMethod01" finished-at="2024-02-10T10:09:33 IST" duration-ms="1" status="PASS">
          <reporter-output>
          </reporter-output>
        </test-method> <!-- myMethod01 -->
        <test-method signature="myMethod02()[pri:0, instance:com.epam.jUnitTests.Elephant@6ed3ccb2]" started-at="2024-02-10T10:09:33 IST" name="myMethod02" finished-at="2024-02-10T10:09:33 IST" duration-ms="0" status="PASS">
          <reporter-output>
          </reporter-output>
        </test-method> <!-- myMethod02 -->
        <test-method is-config="true" signature="setUp01()[pri:0, instance:com.epam.jUnitTests.Elephant@6ed3ccb2]" started-at="2024-02-10T10:09:33 IST" name="setUp01" finished-at="2024-02-10T10:09:33 IST" duration-ms="0" status="PASS">
          <reporter-output>
          </reporter-output>
        </test-method> <!-- setUp01 -->
        <test-method signature="myMethod03()[pri:0, instance:com.epam.jUnitTests.Elephant@6ed3ccb2]" started-at="2024-02-10T10:09:33 IST" name="myMethod03" finished-at="2024-02-10T10:09:33 IST" duration-ms="1" status="PASS">
          <reporter-output>
          </reporter-output>
        </test-method> <!-- myMethod03 -->
        <test-method is-config="true" signature="setUp01()[pri:0, instance:com.epam.jUnitTests.Elephant@6ed3ccb2]" started-at="2024-02-10T10:09:33 IST" name="setUp01" finished-at="2024-02-10T10:09:33 IST" duration-ms="0" status="PASS">
          <reporter-output>
          </reporter-output>
        </test-method> <!-- setUp01 -->
      </class> <!-- com.epam.jUnitTests.Elephant -->
      <class name="com.epam.unitTests.Apple">
        <test-method is-config="true" signature="setUp02()[pri:0, instance:com.epam.unitTests.Apple@ba2f4ec]" started-at="2024-02-10T10:09:33 IST" name="setUp02" finished-at="2024-02-10T10:09:33 IST" duration-ms="0" status="PASS">
          <reporter-output>
          </reporter-output>
        </test-method> <!-- setUp02 -->
        <test-method is-config="true" signature="setUp03()[pri:0, instance:com.epam.unitTests.Apple@ba2f4ec]" started-at="2024-02-10T10:09:33 IST" name="setUp03" finished-at="2024-02-10T10:09:33 IST" duration-ms="0" status="PASS">
          <reporter-output>
          </reporter-output>
        </test-method> <!-- setUp03 -->
        <test-method signature="myMethod01()[pri:0, instance:com.epam.unitTests.Apple@ba2f4ec]" started-at="2024-02-10T10:09:33 IST" name="myMethod01" finished-at="2024-02-10T10:09:33 IST" duration-ms="1" status="PASS">
          <reporter-output>
          </reporter-output>
        </test-method> <!-- myMethod01 -->
        <test-method signature="myMethod03()[pri:0, instance:com.epam.unitTests.Apple@ba2f4ec]" started-at="2024-02-10T10:09:33 IST" name="myMethod03" finished-at="2024-02-10T10:09:33 IST" duration-ms="0" status="PASS">
          <reporter-output>
          </reporter-output>
        </test-method> <!-- myMethod03 -->
        <test-method signature="myMethod02()[pri:0, instance:com.epam.unitTests.Apple@ba2f4ec]" started-at="2024-02-10T10:09:33 IST" name="myMethod02" finished-at="2024-02-10T10:09:33 IST" depends-on-methods="com.epam.unitTests.Apple.myMethod01" duration-ms="1" status="PASS">
          <reporter-output>
          </reporter-output>
        </test-method> <!-- myMethod02 -->
      </class> <!-- com.epam.unitTests.Apple -->
      <class name="com.epam.unitTests.Orange">
        <test-method signature="myMethod02()[pri:0, instance:com.epam.unitTests.Orange@55fe41ea]" started-at="2024-02-10T10:09:33 IST" name="myMethod02" finished-at="2024-02-10T10:09:33 IST" duration-ms="0" status="PASS">
          <reporter-output>
          </reporter-output>
        </test-method> <!-- myMethod02 -->
        <test-method signature="myMethod01()[pri:0, instance:com.epam.unitTests.Orange@55fe41ea]" started-at="2024-02-10T10:09:33 IST" name="myMethod01" finished-at="2024-02-10T10:09:33 IST" duration-ms="0" status="PASS">
          <reporter-output>
          </reporter-output>
        </test-method> <!-- myMethod01 -->
        <test-method signature="myMethod03()[pri:0, instance:com.epam.unitTests.Orange@55fe41ea]" started-at="2024-02-10T10:09:33 IST" name="myMethod03" finished-at="2024-02-10T10:09:33 IST" duration-ms="0" status="PASS">
          <exception class="java.lang.ArithmeticException">
            <full-stacktrace>
              <![CDATA[java.lang.ArithmeticException
at com.epam.unitTests.Orange.myMethod03(Orange.java:17)
at java.base/jdk.internal.reflect.NativeMethodAccessorImpl.invoke0(Native Method)
at java.base/jdk.internal.reflect.NativeMethodAccessorImpl.invoke(NativeMethodAccessorImpl.java:62)
at java.base/jdk.internal.reflect.DelegatingMethodAccessorImpl.invoke(DelegatingMethodAccessorImpl.java:43)
at java.base/java.lang.reflect.Method.invoke(Method.java:566)
at org.testng.internal.invokers.MethodInvocationHelper.invokeMethod(MethodInvocationHelper.java:139)
at org.testng.internal.invokers.TestInvoker.invokeMethod(TestInvoker.java:664)
at org.testng.internal.invokers.TestInvoker.invokeTestMethod(TestInvoker.java:227)
at org.testng.internal.invokers.MethodRunner.runInSequence(MethodRunner.java:50)
at org.testng.internal.invokers.TestInvoker$MethodInvocationAgent.invoke(TestInvoker.java:957)
at org.testng.internal.invokers.TestInvoker.invokeTestMethods(TestInvoker.java:200)
at org.testng.internal.invokers.TestMethodWorker.invokeTestMethods(TestMethodWorker.java:148)
at org.testng.internal.invokers.TestMethodWorker.run(TestMethodWorker.java:128)
at java.base/java.util.ArrayList.forEach(ArrayList.java:1541)
at org.testng.TestRunner.privateRun(TestRunner.java:848)
at org.testng.TestRunner.run(TestRunner.java:621)
at org.testng.SuiteRunner.runTest(SuiteRunner.java:443)
at org.testng.SuiteRunner.runSequentially(SuiteRunner.java:437)
at org.testng.SuiteRunner.privateRun(SuiteRunner.java:397)
at org.testng.SuiteRunner.run(SuiteRunner.java:336)
at org.testng.SuiteRunnerWorker.runSuite(SuiteRunnerWorker.java:52)
at org.testng.SuiteRunnerWorker.run(SuiteRunnerWorker.java:95)
at org.testng.TestNG.runSuitesSequentially(TestNG.java:1280)
at org.testng.TestNG.runSuitesSequentially(TestNG.java:1275)
at org.testng.TestNG.runSuitesLocally(TestNG.java:1200)
at org.testng.TestNG.runSuites(TestNG.java:1114)
at org.testng.TestNG.run(TestNG.java:1082)
at com.epam.runner.MyRunner.main(MyRunner.java:26)
]]>
            </full-stacktrace>
          </exception> <!-- java.lang.ArithmeticException -->
          <reporter-output>
          </reporter-output>
        </test-method> <!-- myMethod03 -->
      </class> <!-- com.epam.unitTests.Orange -->
      <class name="com.epam.unitTests.Banana">
        <test-method signature="myMethod01()[pri:0, instance:com.epam.unitTests.Banana@1c1bbc4e]" started-at="2024-02-10T10:09:33 IST" name="myMethod01" finished-at="2024-02-10T10:09:33 IST" duration-ms="0" status="PASS">
          <reporter-output>
          </reporter-output>
        </test-method> <!-- myMethod01 -->
        <test-method signature="myMethod02()[pri:0, instance:com.epam.unitTests.Banana@1c1bbc4e]" started-at="2024-02-10T10:09:33 IST" name="myMethod02" finished-at="2024-02-10T10:09:33 IST" duration-ms="0" status="PASS">
          <reporter-output>
          </reporter-output>
        </test-method> <!-- myMethod02 -->
        <test-method signature="myMethod03()[pri:0, instance:com.epam.unitTests.Banana@1c1bbc4e]" started-at="2024-02-10T10:09:33 IST" name="myMethod03" finished-at="2024-02-10T10:09:33 IST" duration-ms="0" status="PASS">
          <reporter-output>
          </reporter-output>
        </test-method> <!-- myMethod03 -->
      </class> <!-- com.epam.unitTests.Banana -->
      <class name="com.epam.jUnitTests.Tiger">
        <test-method signature="myMethod01()[pri:0, instance:com.epam.jUnitTests.Tiger@4d1c00d0]" started-at="2024-02-10T10:09:33 IST" name="myMethod01" finished-at="2024-02-10T10:09:33 IST" duration-ms="0" status="PASS">
          <reporter-output>
          </reporter-output>
        </test-method> <!-- myMethod01 -->
        <test-method signature="myMethod03()[pri:0, instance:com.epam.jUnitTests.Tiger@4d1c00d0]" started-at="2024-02-10T10:09:33 IST" name="myMethod03" finished-at="2024-02-10T10:09:33 IST" duration-ms="0" status="PASS">
          <reporter-output>
          </reporter-output>
        </test-method> <!-- myMethod03 -->
        <test-method signature="myMethod02()[pri:0, instance:com.epam.jUnitTests.Tiger@4d1c00d0]" started-at="2024-02-10T10:09:33 IST" name="myMethod02" finished-at="2024-02-10T10:09:33 IST" duration-ms="0" status="PASS">
          <reporter-output>
          </reporter-output>
        </test-method> <!-- myMethod02 -->
      </class> <!-- com.epam.jUnitTests.Tiger -->
      <class name="com.epam.testNGTests.Pluto">
        <test-method signature="myMethod01()[pri:0, instance:com.epam.testNGTests.Pluto@40005471]" started-at="2024-02-10T10:09:33 IST" name="myMethod01" finished-at="2024-02-10T10:09:33 IST" duration-ms="0" status="PASS">
          <reporter-output>
          </reporter-output>
        </test-method> <!-- myMethod01 -->
        <test-method signature="myMethod03()[pri:0, instance:com.epam.testNGTests.Pluto@40005471]" started-at="2024-02-10T10:09:33 IST" name="myMethod03" finished-at="2024-02-10T10:09:33 IST" duration-ms="0" status="PASS">
          <reporter-output>
          </reporter-output>
        </test-method> <!-- myMethod03 -->
        <test-method signature="myMethod02()[pri:0, instance:com.epam.testNGTests.Pluto@40005471]" started-at="2024-02-10T10:09:33 IST" name="myMethod02" finished-at="2024-02-10T10:09:33 IST" duration-ms="0" status="PASS">
          <reporter-output>
          </reporter-output>
        </test-method> <!-- myMethod02 -->
      </class> <!-- com.epam.testNGTests.Pluto -->
      <class name="com.epam.testNGTests.Saturn">
        <test-method signature="myMethod01()[pri:0, instance:com.epam.testNGTests.Saturn@2cd76f31]" started-at="2024-02-10T10:09:33 IST" name="myMethod01" finished-at="2024-02-10T10:09:33 IST" duration-ms="0" status="PASS">
          <reporter-output>
          </reporter-output>
        </test-method> <!-- myMethod01 -->
        <test-method signature="myMethod02()[pri:0, instance:com.epam.testNGTests.Saturn@2cd76f31]" started-at="2024-02-10T10:09:33 IST" name="myMethod02" finished-at="2024-02-10T10:09:33 IST" duration-ms="1" status="PASS">
          <reporter-output>
          </reporter-output>
        </test-method> <!-- myMethod02 -->
        <test-method signature="myMethod03()[pri:0, instance:com.epam.testNGTests.Saturn@2cd76f31]" started-at="2024-02-10T10:09:33 IST" name="myMethod03" finished-at="2024-02-10T10:09:33 IST" duration-ms="0" status="PASS">
          <reporter-output>
          </reporter-output>
        </test-method> <!-- myMethod03 -->
      </class> <!-- com.epam.testNGTests.Saturn -->
      <class name="com.epam.jUnitTests.Lion">
        <test-method signature="myMethod01()[pri:0, instance:com.epam.jUnitTests.Lion@79079097]" started-at="2024-02-10T10:09:33 IST" name="myMethod01" finished-at="2024-02-10T10:09:33 IST" duration-ms="0" status="PASS">
          <reporter-output>
          </reporter-output>
        </test-method> <!-- myMethod01 -->
        <test-method signature="myMethod02()[pri:0, instance:com.epam.jUnitTests.Lion@79079097]" started-at="2024-02-10T10:09:33 IST" name="myMethod02" finished-at="2024-02-10T10:09:33 IST" duration-ms="0" status="PASS">
          <reporter-output>
          </reporter-output>
        </test-method> <!-- myMethod02 -->
        <test-method signature="myMethod03()[pri:0, instance:com.epam.jUnitTests.Lion@79079097]" started-at="2024-02-10T10:09:33 IST" name="myMethod03" finished-at="2024-02-10T10:09:33 IST" duration-ms="1" status="PASS">
          <reporter-output>
          </reporter-output>
        </test-method> <!-- myMethod03 -->
      </class> <!-- com.epam.jUnitTests.Lion -->
      <class name="com.epam.testNGTests.Jupiter">
        <test-method is-config="true" signature="setUp01()[pri:0, instance:com.epam.testNGTests.Jupiter@3d285d7e]" started-at="2024-02-10T10:09:33 IST" name="setUp01" finished-at="2024-02-10T10:09:33 IST" duration-ms="19" status="PASS">
          <reporter-output>
          </reporter-output>
        </test-method> <!-- setUp01 -->
        <test-method is-config="true" signature="setUp02()[pri:0, instance:com.epam.testNGTests.Jupiter@3d285d7e]" started-at="2024-02-10T10:09:33 IST" name="setUp02" finished-at="2024-02-10T10:09:33 IST" duration-ms="0" status="PASS">
          <reporter-output>
          </reporter-output>
        </test-method> <!-- setUp02 -->
        <test-method is-config="true" signature="setUp03()[pri:0, instance:com.epam.testNGTests.Jupiter@3d285d7e]" started-at="2024-02-10T10:09:33 IST" name="setUp03" finished-at="2024-02-10T10:09:33 IST" duration-ms="0" status="PASS">
          <reporter-output>
          </reporter-output>
        </test-method> <!-- setUp03 -->
        <test-method signature="myMethod01()[pri:0, instance:com.epam.testNGTests.Jupiter@3d285d7e]" started-at="2024-02-10T10:09:33 IST" name="myMethod01" finished-at="2024-02-10T10:09:33 IST" duration-ms="0" status="PASS">
          <reporter-output>
          </reporter-output>
        </test-method> <!-- myMethod01 -->
        <test-method is-config="true" signature="setUp04()[pri:0, instance:com.epam.testNGTests.Jupiter@3d285d7e]" started-at="2024-02-10T10:09:33 IST" name="setUp04" finished-at="2024-02-10T10:09:33 IST" duration-ms="0" status="PASS">
          <reporter-output>
          </reporter-output>
        </test-method> <!-- setUp04 -->
        <test-method signature="myMethod02()[pri:0, instance:com.epam.testNGTests.Jupiter@3d285d7e]" started-at="2024-02-10T10:09:33 IST" name="myMethod02" finished-at="2024-02-10T10:09:33 IST" duration-ms="0" status="PASS">
          <reporter-output>
          </reporter-output>
        </test-method> <!-- myMethod02 -->
        <test-method is-config="true" signature="setUp04()[pri:0, instance:com.epam.testNGTests.Jupiter@3d285d7e]" started-at="2024-02-10T10:09:33 IST" name="setUp04" finished-at="2024-02-10T10:09:33 IST" duration-ms="0" status="PASS">
          <reporter-output>
          </reporter-output>
        </test-method> <!-- setUp04 -->
        <test-method signature="myMethod03()[pri:0, instance:com.epam.testNGTests.Jupiter@3d285d7e]" started-at="2024-02-10T10:09:33 IST" name="myMethod03" finished-at="2024-02-10T10:09:33 IST" duration-ms="0" status="PASS">
          <reporter-output>
          </reporter-output>
        </test-method> <!-- myMethod03 -->
        <test-method is-config="true" signature="setUp04()[pri:0, instance:com.epam.testNGTests.Jupiter@3d285d7e]" started-at="2024-02-10T10:09:33 IST" name="setUp04" finished-at="2024-02-10T10:09:33 IST" duration-ms="0" status="PASS">
          <reporter-output>
          </reporter-output>
        </test-method> <!-- setUp04 -->
      </class> <!-- com.epam.testNGTests.Jupiter -->
    </test> <!-- D:/fun-fab/unit-testing -->
  </suite> <!-- All Test Suite -->
  <suite started-at="2024-02-10T10:09:33 IST" name="TestNG Runner for unit Test" finished-at="2024-02-10T10:09:33 IST" duration-ms="0">
    <groups>
    </groups>
  </suite> <!-- TestNG Runner for unit Test -->
  <suite started-at="2024-02-10T10:09:33 IST" name="1st Suite covering All " finished-at="2024-02-10T10:09:33 IST" duration-ms="4">
    <groups>
      <group name="smoke">
        <method signature="Apple.myMethod01()[pri:0, instance:com.epam.unitTests.Apple@65d09a04]" name="myMethod01" class="com.epam.unitTests.Apple"/>
      </group> <!-- smoke -->
    </groups>
    <test started-at="2024-02-10T10:09:33 IST" name="jUnit test" finished-at="2024-02-10T10:09:33 IST" duration-ms="4">
      <class name="com.epam.jUnitTests.Elephant">
        <test-method is-config="true" signature="setUp03()[pri:0, instance:com.epam.jUnitTests.Elephant@4961f6af]" started-at="2024-02-10T10:09:33 IST" name="setUp03" finished-at="2024-02-10T10:09:33 IST" duration-ms="1" status="PASS">
          <reporter-output>
          </reporter-output>
        </test-method> <!-- setUp03 -->
        <test-method is-config="true" signature="setUp02()[pri:0, instance:com.epam.jUnitTests.Elephant@4961f6af]" started-at="2024-02-10T10:09:33 IST" name="setUp02" finished-at="2024-02-10T10:09:33 IST" duration-ms="0" status="PASS">
          <reporter-output>
          </reporter-output>
        </test-method> <!-- setUp02 -->
        <test-method signature="myMethod01()[pri:0, instance:com.epam.jUnitTests.Elephant@4961f6af]" started-at="2024-02-10T10:09:33 IST" name="myMethod01" finished-at="2024-02-10T10:09:33 IST" duration-ms="0" status="PASS">
          <reporter-output>
          </reporter-output>
        </test-method> <!-- myMethod01 -->
        <test-method is-config="true" signature="setUp01()[pri:0, instance:com.epam.jUnitTests.Elephant@4961f6af]" started-at="2024-02-10T10:09:33 IST" name="setUp01" finished-at="2024-02-10T10:09:33 IST" duration-ms="0" status="PASS">
          <reporter-output>
          </reporter-output>
        </test-method> <!-- setUp01 -->
      </class> <!-- com.epam.jUnitTests.Elephant -->
      <class name="com.epam.unitTests.Apple">
        <test-method is-config="true" signature="setUp02()[pri:0, instance:com.epam.unitTests.Apple@65d09a04]" started-at="2024-02-10T10:09:33 IST" name="setUp02" finished-at="2024-02-10T10:09:33 IST" duration-ms="0" status="PASS">
          <reporter-output>
          </reporter-output>
        </test-method> <!-- setUp02 -->
        <test-method is-config="true" signature="setUp03()[pri:0, instance:com.epam.unitTests.Apple@65d09a04]" started-at="2024-02-10T10:09:33 IST" name="setUp03" finished-at="2024-02-10T10:09:33 IST" duration-ms="1" status="PASS">
          <reporter-output>
          </reporter-output>
        </test-method> <!-- setUp03 -->
        <test-method signature="myMethod01()[pri:0, instance:com.epam.unitTests.Apple@65d09a04]" started-at="2024-02-10T10:09:33 IST" name="myMethod01" finished-at="2024-02-10T10:09:33 IST" duration-ms="0" status="PASS">
          <reporter-output>
          </reporter-output>
        </test-method> <!-- myMethod01 -->
      </class> <!-- com.epam.unitTests.Apple -->
      <class name="com.epam.testNGTests.Jupiter">
        <test-method is-config="true" signature="setUp01()[pri:0, instance:com.epam.testNGTests.Jupiter@5aebe890]" started-at="2024-02-10T10:09:33 IST" name="setUp01" finished-at="2024-02-10T10:09:33 IST" duration-ms="2" status="PASS">
          <reporter-output>
          </reporter-output>
        </test-method> <!-- setUp01 -->
        <test-method is-config="true" signature="setUp02()[pri:0, instance:com.epam.testNGTests.Jupiter@5aebe890]" started-at="2024-02-10T10:09:33 IST" name="setUp02" finished-at="2024-02-10T10:09:33 IST" duration-ms="0" status="PASS">
          <reporter-output>
          </reporter-output>
        </test-method> <!-- setUp02 -->
        <test-method signature="myMethod01()[pri:0, instance:com.epam.testNGTests.Jupiter@5aebe890]" started-at="2024-02-10T10:09:33 IST" name="myMethod01" finished-at="2024-02-10T10:09:33 IST" duration-ms="1" status="PASS">
          <reporter-output>
          </reporter-output>
        </test-method> <!-- myMethod01 -->
        <test-method is-config="true" signature="setUp04()[pri:0, instance:com.epam.testNGTests.Jupiter@5aebe890]" started-at="2024-02-10T10:09:33 IST" name="setUp04" finished-at="2024-02-10T10:09:33 IST" duration-ms="0" status="PASS">
          <reporter-output>
          </reporter-output>
        </test-method> <!-- setUp04 -->
        <test-method is-config="true" signature="setUp03()[pri:0, instance:com.epam.testNGTests.Jupiter@5aebe890]" started-at="2024-02-10T10:09:33 IST" name="setUp03" finished-at="2024-02-10T10:09:33 IST" duration-ms="0" status="PASS">
          <reporter-output>
          </reporter-output>
        </test-method> <!-- setUp03 -->
      </class> <!-- com.epam.testNGTests.Jupiter -->
    </test> <!-- jUnit test -->
  </suite> <!-- 1st Suite covering All  -->
</testng-results>
